<?xml version="1.0" encoding="UTF-8"?>
<testsuite name="it.unibo.deathnote.TestDeathNote" tests="5" skipped="0" failures="0" errors="0" timestamp="2023-11-18T14:33:28" hostname="DESKTOP-THAC56B" time="6.382">
  <properties/>
  <testcase name="testDeathDetails()" classname="it.unibo.deathnote.TestDeathNote" time="6.175"/>
  <testcase name="testDeath()" classname="it.unibo.deathnote.TestDeathNote" time="0.005"/>
  <testcase name="testDeathCause()" classname="it.unibo.deathnote.TestDeathNote" time="0.118"/>
  <testcase name="testValidRule()" classname="it.unibo.deathnote.TestDeathNote" time="0.014"/>
  <testcase name="testExistingRule()" classname="it.unibo.deathnote.TestDeathNote" time="0.042"/>
  <system-out><![CDATA[]]></system-out>
  <system-err><![CDATA[]]></system-err>
</testsuite>
